<?xml version="1.0" encoding="UTF-8"?>
<!-- Generated by org.testng.reporters.JUnitXMLReporter -->
<testsuite ignored="1" hostname="EN1710017" failures="2" tests="11" name="Personal Loan" time="15.998" errors="0" timestamp="14 Aug 2019 14:31:33 GMT">
  <testcase classname="io.cucumber.testng.AbstractTestNGCucumberTests" name="runScenario" time="0.206">
    <skipped/>
  </testcase> <!-- runScenario -->
  <testcase classname="io.cucumber.testng.AbstractTestNGCucumberTests" name="runScenario" time="9.161">
    <failure type="org.openqa.selenium.NoSuchElementException" message="no such element: Unable to locate element: {&amp;quot;method&amp;quot;:&amp;quot;css selector&amp;quot;,&amp;quot;selector&amp;quot;:&amp;quot;.homeBtn&amp;quot;}
  (Session info: chrome=76.0.3809.100)
For documentation on this error, please visit: https://www.seleniumhq.org/exceptions/no_such_element.html
Build info: version: &amp;apos;3.141.59&amp;apos;, revision: &amp;apos;e82be7d358&amp;apos;, time: &amp;apos;2018-11-14T08:17:03&amp;apos;
System info: host: &amp;apos;EN1710017&amp;apos;, ip: &amp;apos;172.19.187.83&amp;apos;, os.name: &amp;apos;Windows 10&amp;apos;, os.arch: &amp;apos;amd64&amp;apos;, os.version: &amp;apos;10.0&amp;apos;, java.version: &amp;apos;12.0.2&amp;apos;
Driver info: org.openqa.selenium.chrome.ChromeDriver
Capabilities {acceptInsecureCerts: false, browserName: chrome, browserVersion: 76.0.3809.100, chrome: {chromedriverVersion: 76.0.3809.68 (420c9498db8ce..., userDataDir: C:\Users\Ylaufer\AppData\Lo...}, goog:chromeOptions: {debuggerAddress: localhost:52254}, javascriptEnabled: true, networkConnectionEnabled: false, pageLoadStrategy: normal, platform: XP, platformName: XP, proxy: Proxy(), setWindowRect: true, strictFileInteractability: false, timeouts: {implicit: 0, pageLoad: 300000, script: 30000}, unhandledPromptBehavior: dismiss and notify}
Session ID: d3db88c9e337fb88bafa980336e3ed60
*** Element info: {Using=class name, value=homeBtn}">
      <![CDATA[org.openqa.selenium.NoSuchElementException: no such element: Unable to locate element: {"method":"css selector","selector":".homeBtn"}
  (Session info: chrome=76.0.3809.100)
For documentation on this error, please visit: https://www.seleniumhq.org/exceptions/no_such_element.html
Build info: version: '3.141.59', revision: 'e82be7d358', time: '2018-11-14T08:17:03'
System info: host: 'EN1710017', ip: '172.19.187.83', os.name: 'Windows 10', os.arch: 'amd64', os.version: '10.0', java.version: '12.0.2'
Driver info: org.openqa.selenium.chrome.ChromeDriver
Capabilities {acceptInsecureCerts: false, browserName: chrome, browserVersion: 76.0.3809.100, chrome: {chromedriverVersion: 76.0.3809.68 (420c9498db8ce..., userDataDir: C:\Users\Ylaufer\AppData\Lo...}, goog:chromeOptions: {debuggerAddress: localhost:52254}, javascriptEnabled: true, networkConnectionEnabled: false, pageLoadStrategy: normal, platform: XP, platformName: XP, proxy: Proxy(), setWindowRect: true, strictFileInteractability: false, timeouts: {implicit: 0, pageLoad: 300000, script: 30000}, unhandledPromptBehavior: dismiss and notify}
Session ID: d3db88c9e337fb88bafa980336e3ed60
*** Element info: {Using=class name, value=homeBtn}
at java.base/jdk.internal.reflect.NativeConstructorAccessorImpl.newInstance0(Native Method)
at java.base/jdk.internal.reflect.NativeConstructorAccessorImpl.newInstance(NativeConstructorAccessorImpl.java:62)
at java.base/jdk.internal.reflect.DelegatingConstructorAccessorImpl.newInstance(DelegatingConstructorAccessorImpl.java:45)
at java.base/java.lang.reflect.Constructor.newInstanceWithCaller(Constructor.java:500)
at java.base/java.lang.reflect.Constructor.newInstance(Constructor.java:481)
at org.openqa.selenium.remote.http.W3CHttpResponseCodec.createException(W3CHttpResponseCodec.java:187)
at org.openqa.selenium.remote.http.W3CHttpResponseCodec.decode(W3CHttpResponseCodec.java:122)
at org.openqa.selenium.remote.http.W3CHttpResponseCodec.decode(W3CHttpResponseCodec.java:49)
at org.openqa.selenium.remote.HttpCommandExecutor.execute(HttpCommandExecutor.java:158)
at org.openqa.selenium.remote.service.DriverCommandExecutor.execute(DriverCommandExecutor.java:83)
at org.openqa.selenium.remote.RemoteWebDriver.execute(RemoteWebDriver.java:552)
at org.openqa.selenium.remote.RemoteWebDriver.findElement(RemoteWebDriver.java:323)
at org.openqa.selenium.remote.RemoteWebDriver.findElementByClassName(RemoteWebDriver.java:412)
at org.openqa.selenium.By$ByClassName.findElement(By.java:389)
at org.openqa.selenium.remote.RemoteWebDriver.findElement(RemoteWebDriver.java:315)
at Steps.Login.I_am_able_to_login_to_homepage(Login.java:43)
at ✽.I am able to login to homepage(file:src/test/Features/Login.feature:7)
]]>
    </failure>
  </testcase> <!-- runScenario -->
  <testcase classname="io.cucumber.testng.AbstractTestNGCucumberTests" name="runScenario" time="6.318">
    <failure type="org.openqa.selenium.SessionNotCreatedException" message="session not created
from chrome not reachable
  (Session info: chrome=76.0.3809.100)
Build info: version: &amp;apos;3.141.59&amp;apos;, revision: &amp;apos;e82be7d358&amp;apos;, time: &amp;apos;2018-11-14T08:17:03&amp;apos;
System info: host: &amp;apos;EN1710017&amp;apos;, ip: &amp;apos;172.19.187.83&amp;apos;, os.name: &amp;apos;Windows 10&amp;apos;, os.arch: &amp;apos;amd64&amp;apos;, os.version: &amp;apos;10.0&amp;apos;, java.version: &amp;apos;12.0.2&amp;apos;
Driver info: driver.version: ChromeDriver
remote stacktrace: Backtrace:
	Ordinal0 [0x00357C93+1473683]
	Ordinal0 [0x002DADB1+961969]
	Ordinal0 [0x0026418C+475532]
	Ordinal0 [0x0025DB1A+449306]
	Ordinal0 [0x0025E1B8+451000]
	Ordinal0 [0x0025F2C5+455365]
	Ordinal0 [0x0025B4C5+439493]
	Ordinal0 [0x00264F40+479040]
	Ordinal0 [0x002198FE+170238]
	Ordinal0 [0x00218D1D+167197]
	Ordinal0 [0x0021742B+160811]
	Ordinal0 [0x00200AE6+68326]
	Ordinal0 [0x00201BF0+72688]
	Ordinal0 [0x00201B89+72585]
	Ordinal0 [0x002F4B77+1067895]
	GetHandleVerifier [0x003F6875+506677]
	GetHandleVerifier [0x003F6610+506064]
	GetHandleVerifier [0x003FD1B8+533624]
	GetHandleVerifier [0x003F704A+508682]
	Ordinal0 [0x002EC266+1032806]
	Ordinal0 [0x002EC0DF+1032415]
	Ordinal0 [0x002F6A8B+1075851]
	Ordinal0 [0x002F6BF3+1076211]
	Ordinal0 [0x002F5BA5+1072037]
	BaseThreadInitThunk [0x76260419+25]
	RtlGetAppContainerNamedObjectPath [0x7741662D+237]
	RtlGetAppContainerNamedObjectPath [0x774165FD+189]
">
      <![CDATA[org.openqa.selenium.SessionNotCreatedException: session not created
from chrome not reachable
  (Session info: chrome=76.0.3809.100)
Build info: version: '3.141.59', revision: 'e82be7d358', time: '2018-11-14T08:17:03'
System info: host: 'EN1710017', ip: '172.19.187.83', os.name: 'Windows 10', os.arch: 'amd64', os.version: '10.0', java.version: '12.0.2'
Driver info: driver.version: ChromeDriver
remote stacktrace: Backtrace:
Ordinal0 [0x00357C93+1473683]
Ordinal0 [0x002DADB1+961969]
Ordinal0 [0x0026418C+475532]
Ordinal0 [0x0025DB1A+449306]
Ordinal0 [0x0025E1B8+451000]
Ordinal0 [0x0025F2C5+455365]
Ordinal0 [0x0025B4C5+439493]
Ordinal0 [0x00264F40+479040]
Ordinal0 [0x002198FE+170238]
Ordinal0 [0x00218D1D+167197]
Ordinal0 [0x0021742B+160811]
Ordinal0 [0x00200AE6+68326]
Ordinal0 [0x00201BF0+72688]
Ordinal0 [0x00201B89+72585]
Ordinal0 [0x002F4B77+1067895]
GetHandleVerifier [0x003F6875+506677]
GetHandleVerifier [0x003F6610+506064]
GetHandleVerifier [0x003FD1B8+533624]
GetHandleVerifier [0x003F704A+508682]
Ordinal0 [0x002EC266+1032806]
Ordinal0 [0x002EC0DF+1032415]
Ordinal0 [0x002F6A8B+1075851]
Ordinal0 [0x002F6BF3+1076211]
Ordinal0 [0x002F5BA5+1072037]
BaseThreadInitThunk [0x76260419+25]
RtlGetAppContainerNamedObjectPath [0x7741662D+237]
RtlGetAppContainerNamedObjectPath [0x774165FD+189]

at java.base/jdk.internal.reflect.NativeConstructorAccessorImpl.newInstance0(Native Method)
at java.base/jdk.internal.reflect.NativeConstructorAccessorImpl.newInstance(NativeConstructorAccessorImpl.java:62)
at java.base/jdk.internal.reflect.DelegatingConstructorAccessorImpl.newInstance(DelegatingConstructorAccessorImpl.java:45)
at java.base/java.lang.reflect.Constructor.newInstanceWithCaller(Constructor.java:500)
at java.base/java.lang.reflect.Constructor.newInstance(Constructor.java:481)
at org.openqa.selenium.remote.W3CHandshakeResponse.lambda$errorHandler$0(W3CHandshakeResponse.java:62)
at org.openqa.selenium.remote.HandshakeResponse.lambda$getResponseFunction$0(HandshakeResponse.java:30)
at org.openqa.selenium.remote.ProtocolHandshake.lambda$createSession$0(ProtocolHandshake.java:126)
at java.base/java.util.stream.ReferencePipeline$3$1.accept(ReferencePipeline.java:195)
at java.base/java.util.Spliterators$ArraySpliterator.tryAdvance(Spliterators.java:958)
at java.base/java.util.stream.ReferencePipeline.forEachWithCancel(ReferencePipeline.java:127)
at java.base/java.util.stream.AbstractPipeline.copyIntoWithCancel(AbstractPipeline.java:502)
at java.base/java.util.stream.AbstractPipeline.copyInto(AbstractPipeline.java:488)
at java.base/java.util.stream.AbstractPipeline.wrapAndCopyInto(AbstractPipeline.java:474)
at java.base/java.util.stream.FindOps$FindOp.evaluateSequential(FindOps.java:150)
at java.base/java.util.stream.AbstractPipeline.evaluate(AbstractPipeline.java:234)
at java.base/java.util.stream.ReferencePipeline.findFirst(ReferencePipeline.java:543)
at org.openqa.selenium.remote.ProtocolHandshake.createSession(ProtocolHandshake.java:128)
at org.openqa.selenium.remote.ProtocolHandshake.createSession(ProtocolHandshake.java:74)
at org.openqa.selenium.remote.HttpCommandExecutor.execute(HttpCommandExecutor.java:136)
at org.openqa.selenium.remote.service.DriverCommandExecutor.execute(DriverCommandExecutor.java:83)
at org.openqa.selenium.remote.RemoteWebDriver.execute(RemoteWebDriver.java:552)
at org.openqa.selenium.remote.RemoteWebDriver.startSession(RemoteWebDriver.java:213)
at org.openqa.selenium.remote.RemoteWebDriver.<init>(RemoteWebDriver.java:131)
at org.openqa.selenium.chrome.ChromeDriver.<init>(ChromeDriver.java:181)
at org.openqa.selenium.chrome.ChromeDriver.<init>(ChromeDriver.java:168)
at org.openqa.selenium.chrome.ChromeDriver.<init>(ChromeDriver.java:123)
at Steps.Login.I_go_to(Login.java:20)
at ✽.I go to "http://localhost:3001/"(file:src/test/Features/Login.feature:10)
]]>
    </failure>
  </testcase> <!-- runScenario -->
  <testcase classname="testNG.testNG1HomeLoan" name="Mobile1" time="0.0"/>
  <testcase classname="testNG.testNG1HomeLoan" name="Mobile2" time="0.0"/>
  <testcase classname="testNG.testNG1HomeLoan" name="TestMethod1" time="0.0"/>
  <testcase classname="testNG.testNG1HomeLoan" name="TestMethod2" time="0.0"/>
  <testcase classname="testNG.testNGCarLoan" name="TryingAgain" time="0.0"/>
  <testcase classname="testNG.testNGCarLoan" name="hello" time="0.0"/>
  <testcase classname="testNG.testNGCarLoan" name="timeout" time="0.004"/>
  <testcase classname="testNG.testNGCarLoan" name="Second" time="0.0"/>
  <testcase classname="testNG.testNGCarLoan" name="disabled" time="0.0">
    <ignored/>
  </testcase> <!-- disabled -->
</testsuite> <!-- Personal Loan -->
